<?xml version="1.0" encoding="UTF-8"?>
<!-- Generated by org.testng.reporters.JUnitReportReporter -->
<testsuite skipped="0" hostname="6dfccecd1d87" name="com.searchmodule.tests.SearchTest" tests="4" failures="0" timestamp="09 Mar 2021 10:41:20 GMT" time="31.741" errors="0">
  <testcase name="search" time="8.338" classname="com.searchmodule.tests.SearchTest"/>
  <testcase name="search" time="6.550" classname="com.searchmodule.tests.SearchTest"/>
  <testcase name="search" time="7.580" classname="com.searchmodule.tests.SearchTest"/>
  <testcase name="search" time="9.273" classname="com.searchmodule.tests.SearchTest"/>
</testsuite> <!-- com.searchmodule.tests.SearchTest -->
