<?xml version="1.0" encoding="UTF-8"?>
<!-- Generated by org.testng.reporters.JUnitReportReporter -->
<testsuite hostname="DESKTOP-1CLR98N" name="com.searchmodule.tests.SearchTest" tests="4" failures="0" timestamp="10 Apr 2021 10:52:23 GMT" time="19.549" errors="0">
  <testcase name="search" time="4.640" classname="com.searchmodule.tests.SearchTest"/>
  <testcase name="search" time="5.933" classname="com.searchmodule.tests.SearchTest"/>
  <testcase name="search" time="4.599" classname="com.searchmodule.tests.SearchTest"/>
  <testcase name="search" time="4.377" classname="com.searchmodule.tests.SearchTest"/>
</testsuite> <!-- com.searchmodule.tests.SearchTest -->
