<?xml version="1.0" encoding="UTF-8"?>
<!-- Generated by org.testng.reporters.JUnitReportReporter -->
<testsuite hostname="DESKTOP-33FO45G" name="com.searchmodule.tests.SearchTest" tests="4" failures="0" timestamp="7 Mar 2021 12:51:07 GMT" time="41.326" errors="0">
  <testcase name="search" time="11.534" classname="com.searchmodule.tests.SearchTest"/>
  <testcase name="search" time="9.515" classname="com.searchmodule.tests.SearchTest"/>
  <testcase name="search" time="9.375" classname="com.searchmodule.tests.SearchTest"/>
  <testcase name="search" time="10.902" classname="com.searchmodule.tests.SearchTest"/>
</testsuite> <!-- com.searchmodule.tests.SearchTest -->
